# JRE version: OpenJDK Runtime Environment (8.0_112-b06) (build 1.8.0_112-release-b06)
# Java VM: OpenJDK 64-Bit Server VM (25.112-b06 mixed mode windows-amd64 compressed oops)
Heap:
 PSYoungGen      total 203264K, used 39918K [0x00000000e0000000, 0x00000000ee100000, 0x0000000100000000)
  eden space 197632K, 17% used [0x00000000e0000000,0x00000000e21c9e40,0x00000000ec100000)
  from space 5632K, 94% used [0x00000000ec780000,0x00000000eccb1ab0,0x00000000ecd00000)
  to   space 16384K, 0% used [0x00000000ed100000,0x00000000ed100000,0x00000000ee100000)
 ParOldGen       total 152576K, used 84800K [0x00000000a0000000, 0x00000000a9500000, 0x00000000e0000000)
  object space 152576K, 55% used [0x00000000a0000000,0x00000000a52d0118,0x00000000a9500000)
 Metaspace       used 79458K, capacity 88128K, committed 88448K, reserved 1126400K
  class space    used 10086K, capacity 11027K, committed 11136K, reserved 1048576K
GC Heap History (10 events):
Event: 11635.035 GC heap before
{Heap before GC invocations=118 (full 3):
 PSYoungGen      total 241152K, used 240518K [0x00000000e0000000, 0x00000000f0900000, 0x0000000100000000)
  eden space 233472K, 100% used [0x00000000e0000000,0x00000000ee400000,0x00000000ee400000)
  from space 7680K, 91% used [0x00000000f0180000,0x00000000f0861898,0x00000000f0900000)
  to   space 18944K, 0% used [0x00000000ee400000,0x00000000ee400000,0x00000000ef680000)
 ParOldGen       total 152576K, used 84768K [0x00000000a0000000, 0x00000000a9500000, 0x00000000e0000000)
  object space 152576K, 55% used [0x00000000a0000000,0x00000000a52c8118,0x00000000a9500000)
 Metaspace       used 79257K, capacity 87640K, committed 87808K, reserved 1126400K
  class space    used 10055K, capacity 10995K, committed 11008K, reserved 1048576K
Event: 11635.044 GC heap after
Heap after GC invocations=118 (full 3):
 PSYoungGen      total 234496K, used 8215K [0x00000000e0000000, 0x00000000f0200000, 0x0000000100000000)
  eden space 225792K, 0% used [0x00000000e0000000,0x00000000e0000000,0x00000000edc80000)
  from space 8704K, 94% used [0x00000000ee400000,0x00000000eec05ef8,0x00000000eec80000)
  to   space 17920K, 0% used [0x00000000ef080000,0x00000000ef080000,0x00000000f0200000)
 ParOldGen       total 152576K, used 84776K [0x00000000a0000000, 0x00000000a9500000, 0x00000000e0000000)
  object space 152576K, 55% used [0x00000000a0000000,0x00000000a52ca118,0x00000000a9500000)
 Metaspace       used 79257K, capacity 87640K, committed 87808K, reserved 1126400K
  class space    used 10055K, capacity 10995K, committed 11008K, reserved 1048576K
}
Event: 13309.278 GC heap before
{Heap before GC invocations=119 (full 3):
 PSYoungGen      total 234496K, used 234007K [0x00000000e0000000, 0x00000000f0200000, 0x0000000100000000)
  eden space 225792K, 100% used [0x00000000e0000000,0x00000000edc80000,0x00000000edc80000)
  from space 8704K, 94% used [0x00000000ee400000,0x00000000eec05ef8,0x00000000eec80000)
  to   space 17920K, 0% used [0x00000000ef080000,0x00000000ef080000,0x00000000f0200000)
 ParOldGen       total 152576K, used 84776K [0x00000000a0000000, 0x00000000a9500000, 0x00000000e0000000)
  object space 152576K, 55% used [0x00000000a0000000,0x00000000a52ca118,0x00000000a9500000)
 Metaspace       used 79303K, capacity 87792K, committed 87808K, reserved 1126400K
  class space    used 10062K, capacity 11003K, committed 11008K, reserved 1048576K
Event: 13309.287 GC heap after
Heap after GC invocations=119 (full 3):
 PSYoungGen      total 225792K, used 7176K [0x00000000e0000000, 0x00000000ef800000, 0x0000000100000000)
  eden space 218112K, 0% used [0x00000000e0000000,0x00000000e0000000,0x00000000ed500000)
  from space 7680K, 93% used [0x00000000ef080000,0x00000000ef782068,0x00000000ef800000)
  to   space 17408K, 0% used [0x00000000ed600000,0x00000000ed600000,0x00000000ee700000)
 ParOldGen       total 152576K, used 84776K [0x00000000a0000000, 0x00000000a9500000, 0x00000000e0000000)
  object space 152576K, 55% used [0x00000000a0000000,0x00000000a52ca118,0x00000000a9500000)
 Metaspace       used 79303K, capacity 87792K, committed 87808K, reserved 1126400K
  class space    used 10062K, capacity 11003K, committed 11008K, reserved 1048576K
}
Event: 13386.356 GC heap before
{Heap before GC invocations=120 (full 3):
 PSYoungGen      total 225792K, used 225288K [0x00000000e0000000, 0x00000000ef800000, 0x0000000100000000)
  eden space 218112K, 100% used [0x00000000e0000000,0x00000000ed500000,0x00000000ed500000)
  from space 7680K, 93% used [0x00000000ef080000,0x00000000ef782068,0x00000000ef800000)
  to   space 17408K, 0% used [0x00000000ed600000,0x00000000ed600000,0x00000000ee700000)
 ParOldGen       total 152576K, used 84776K [0x00000000a0000000, 0x00000000a9500000, 0x00000000e0000000)
  object space 152576K, 55% used [0x00000000a0000000,0x00000000a52ca118,0x00000000a9500000)
 Metaspace       used 79356K, capacity 87944K, committed 88192K, reserved 1126400K
  class space    used 10070K, capacity 11011K, committed 11136K, reserved 1048576K
Event: 13386.364 GC heap after
Heap after GC invocations=120 (full 3):
 PSYoungGen      total 217600K, used 6360K [0x00000000e0000000, 0x00000000ef100000, 0x0000000100000000)
  eden space 210944K, 0% used [0x00000000e0000000,0x00000000e0000000,0x00000000ece00000)
  from space 6656K, 95% used [0x00000000ed600000,0x00000000edc36358,0x00000000edc80000)
  to   space 16896K, 0% used [0x00000000ee080000,0x00000000ee080000,0x00000000ef100000)
 ParOldGen       total 152576K, used 84784K [0x00000000a0000000, 0x00000000a9500000, 0x00000000e0000000)
  object space 152576K, 55% used [0x00000000a0000000,0x00000000a52cc118,0x00000000a9500000)
 Metaspace       used 79356K, capacity 87944K, committed 88192K, reserved 1126400K
  class space    used 10070K, capacity 11011K, committed 11136K, reserved 1048576K
}
Event: 13533.712 GC heap before
{Heap before GC invocations=121 (full 3):
 PSYoungGen      total 217600K, used 217304K [0x00000000e0000000, 0x00000000ef100000, 0x0000000100000000)
  eden space 210944K, 100% used [0x00000000e0000000,0x00000000ece00000,0x00000000ece00000)
  from space 6656K, 95% used [0x00000000ed600000,0x00000000edc36358,0x00000000edc80000)
  to   space 16896K, 0% used [0x00000000ee080000,0x00000000ee080000,0x00000000ef100000)
 ParOldGen       total 152576K, used 84784K [0x00000000a0000000, 0x00000000a9500000, 0x00000000e0000000)
  object space 152576K, 55% used [0x00000000a0000000,0x00000000a52cc118,0x00000000a9500000)
 Metaspace       used 79404K, capacity 88032K, committed 88192K, reserved 1126400K
  class space    used 10079K, capacity 11019K, committed 11136K, reserved 1048576K
Event: 13533.721 GC heap after
Heap after GC invocations=121 (full 3):
 PSYoungGen      total 212480K, used 5869K [0x00000000e0000000, 0x00000000ee880000, 0x0000000100000000)
  eden space 204288K, 0% used [0x00000000e0000000,0x00000000e0000000,0x00000000ec780000)
  from space 8192K, 71% used [0x00000000ee080000,0x00000000ee63b5d8,0x00000000ee880000)
  to   space 16896K, 0% used [0x00000000ec780000,0x00000000ec780000,0x00000000ed800000)
 ParOldGen       total 152576K, used 84792K [0x00000000a0000000, 0x00000000a9500000, 0x00000000e0000000)
  object space 152576K, 55% used [0x00000000a0000000,0x00000000a52ce118,0x00000000a9500000)
 Metaspace       used 79404K, capacity 88032K, committed 88192K, reserved 1126400K
  class space    used 10079K, capacity 11019K, committed 11136K, reserved 1048576K
}
Event: 13650.695 GC heap before
{Heap before GC invocations=122 (full 3):
 PSYoungGen      total 212480K, used 210157K [0x00000000e0000000, 0x00000000ee880000, 0x0000000100000000)
  eden space 204288K, 100% used [0x00000000e0000000,0x00000000ec780000,0x00000000ec780000)
  from space 8192K, 71% used [0x00000000ee080000,0x00000000ee63b5d8,0x00000000ee880000)
  to   space 16896K, 0% used [0x00000000ec780000,0x00000000ec780000,0x00000000ed800000)
 ParOldGen       total 152576K, used 84792K [0x00000000a0000000, 0x00000000a9500000, 0x00000000e0000000)
  object space 152576K, 55% used [0x00000000a0000000,0x00000000a52ce118,0x00000000a9500000)
 Metaspace       used 79457K, capacity 88128K, committed 88448K, reserved 1126400K
  class space    used 10086K, capacity 11027K, committed 11136K, reserved 1048576K
Event: 13650.707 GC heap after
Heap after GC invocations=122 (full 3):
 PSYoungGen      total 203264K, used 5318K [0x00000000e0000000, 0x00000000ee100000, 0x0000000100000000)
  eden space 197632K, 0% used [0x00000000e0000000,0x00000000e0000000,0x00000000ec100000)
  from space 5632K, 94% used [0x00000000ec780000,0x00000000eccb1ab0,0x00000000ecd00000)
  to   space 16384K, 0% used [0x00000000ed100000,0x00000000ed100000,0x00000000ee100000)
 ParOldGen       total 152576K, used 84800K [0x00000000a0000000, 0x00000000a9500000, 0x00000000e0000000)
  object space 152576K, 55% used [0x00000000a0000000,0x00000000a52d0118,0x00000000a9500000)
 Metaspace       used 79457K, capacity 88128K, committed 88448K, reserved 1126400K
  class space    used 10086K, capacity 11027K, committed 11136K, reserved 1048576K
}

